[PREINITIALIZATION][CLIENT][INFO] Current loaders after merging: [[preinit]]
[PREINITIALIZATION][CLIENT][INFO] Loading scripts for loader with names [preinit]
[PREINITIALIZATION][CLIENT][INFO] [preinit | SIDE_CLIENT]: Skipping file {[0:crafttweaker]: Gems-TFC.zs} as we are currently loading with a different loader
[PREINITIALIZATION][CLIENT][INFO] [preinit | SIDE_CLIENT]: Skipping file {[0:crafttweaker]: pokeball_recipe.zs} as we are currently loading with a different loader
[PREINITIALIZATION][CLIENT][INFO] [preinit | SIDE_CLIENT]: Skipping file {[0:crafttweaker]: recipes.zs} as we are currently loading with a different loader
[PREINITIALIZATION][CLIENT][INFO] Completed script loading in: 2ms
[PREINITIALIZATION][CLIENT][INFO] Current loaders after merging: [[preinit], [contenttweaker]]
[PREINITIALIZATION][CLIENT][INFO] Loading scripts for loader with names [contenttweaker]
[PREINITIALIZATION][CLIENT][INFO] [contenttweaker | SIDE_CLIENT]: Skipping file {[0:crafttweaker]: Gems-TFC.zs} as we are currently loading with a different loader
[PREINITIALIZATION][CLIENT][INFO] [contenttweaker | SIDE_CLIENT]: Skipping file {[0:crafttweaker]: pokeball_recipe.zs} as we are currently loading with a different loader
[PREINITIALIZATION][CLIENT][INFO] [contenttweaker | SIDE_CLIENT]: Skipping file {[0:crafttweaker]: recipes.zs} as we are currently loading with a different loader
[PREINITIALIZATION][CLIENT][INFO] Completed script loading in: 0ms
[INITIALIZATION][CLIENT][INFO] CraftTweaker: Building registry
[INITIALIZATION][CLIENT][INFO] CraftTweaker: Successfully built item registry
[INITIALIZATION][CLIENT][INFO] Current loaders after merging: [[preinit], [contenttweaker], [recipeevent | crafttweaker]]
[INITIALIZATION][CLIENT][INFO] Loading scripts for loader with names [crafttweaker | recipeevent]
[INITIALIZATION][CLIENT][INFO] [crafttweaker | SIDE_CLIENT]: Loading Script: {[0:crafttweaker]: Gems-TFC.zs}
[INITIALIZATION][CLIENT][INFO] [crafttweaker | SIDE_CLIENT]: Loading Script: {[0:crafttweaker]: pokeball_recipe.zs}
[INITIALIZATION][CLIENT][ERROR] pokeball_recipe.zs:3 > No such member: pixelmon
[INITIALIZATION][CLIENT][ERROR] pokeball_recipe.zs:3 > Not a valid type
[INITIALIZATION][CLIENT][INFO] Translating item.aluminum_base.name to Stone Base
[INITIALIZATION][CLIENT][INFO] Registered stone knapping recipe with name StoneBase
[INITIALIZATION][CLIENT][INFO] Registered stone knapping recipe with name StoneBase2
[INITIALIZATION][CLIENT][INFO] Registered heat capacity for <pixelmon:blue_apricorn>
[INITIALIZATION][CLIENT][INFO] Registered heat capacity for <pixelmon:yellow_apricorn>
[INITIALIZATION][CLIENT][INFO] Registered heat capacity for <pixelmon:black_apricorn>
[INITIALIZATION][CLIENT][INFO] Registered heat capacity for <pixelmon:white_apricorn>
[INITIALIZATION][CLIENT][INFO] Registered heat capacity for <pixelmon:pink_apricorn>
[INITIALIZATION][CLIENT][INFO] Registered heat capacity for <pixelmon:green_apricorn>
[INITIALIZATION][CLIENT][INFO] Registered heat capacity for <pixelmon:red_apricorn>
[INITIALIZATION][CLIENT][INFO] Adding heating recipe crafttweaker:cooked_blue_apricorn
[INITIALIZATION][CLIENT][INFO] Adding heating recipe crafttweaker:cooked_yellow_apricorn
[INITIALIZATION][CLIENT][INFO] Adding heating recipe crafttweaker:cooked_black_apricorn
[INITIALIZATION][CLIENT][INFO] Adding heating recipe crafttweaker:cooked_white_apricorn
[INITIALIZATION][CLIENT][INFO] Adding heating recipe crafttweaker:cooked_pink_apricorn
[INITIALIZATION][CLIENT][INFO] Adding heating recipe crafttweaker:cooked_green_apricorn
[INITIALIZATION][CLIENT][INFO] Adding heating recipe crafttweaker:cooked_red_apricorn
[INITIALIZATION][CLIENT][INFO] Removing tooltip for <pixelmon:safari_ball>: "Plains"
[INITIALIZATION][CLIENT][INFO] Adding tooltip for <pixelmon:safari_ball>: "Can be used to catch Pokemon. 1.5x catch rate in Plains and Swampland."
[INITIALIZATION][CLIENT][INFO] [crafttweaker | SIDE_CLIENT]: Loading Script: {[0:crafttweaker]: recipes.zs}
[INITIALIZATION][CLIENT][INFO] Completed script loading in: 318ms
[INITIALIZATION][CLIENT][INFO] Translating item.aluminum_base.name to Stone Base
[POSTINITIALIZATION][CLIENT][INFO] Removing recipes for various outputs
[POSTINITIALIZATION][CLIENT][INFO] Adding shapeless recipe for Flawed Ruby with name ct_shapeless1758626646
[POSTINITIALIZATION][CLIENT][INFO] Adding shapeless recipe for Ruby with name ct_shapeless-370340911
[POSTINITIALIZATION][CLIENT][INFO] Adding shapeless recipe for Flawless Ruby with name ct_shapeless-360446476
[POSTINITIALIZATION][CLIENT][INFO] Adding shapeless recipe for Exquisite Ruby with name ct_shapeless-350552041
[POSTINITIALIZATION][CLIENT][INFO] Adding shapeless recipe for Chipped Ruby with name ct_shapeless104726275
[POSTINITIALIZATION][CLIENT][INFO] Adding shapeless recipe for Flawed Ruby with name ct_shapeless-1698544275
[POSTINITIALIZATION][CLIENT][INFO] Adding shapeless recipe for Ruby with name ct_shapeless-1573547507
[POSTINITIALIZATION][CLIENT][INFO] Adding shapeless recipe for Flawless Ruby with name ct_shapeless-1448550739
[POSTINITIALIZATION][CLIENT][INFO] Adding shapeless recipe for Flawed Sapphire with name ct_shapeless-98575474
[POSTINITIALIZATION][CLIENT][INFO] Adding shapeless recipe for Sapphire with name ct_shapeless282555657
[POSTINITIALIZATION][CLIENT][INFO] Adding shapeless recipe for Flawless Sapphire with name ct_shapeless-55828948
[POSTINITIALIZATION][CLIENT][INFO] Adding shapeless recipe for Exquisite Sapphire with name ct_shapeless-394213553
[POSTINITIALIZATION][CLIENT][INFO] Adding shapeless recipe for Chipped Sapphire with name ct_shapeless-906543869
[POSTINITIALIZATION][CLIENT][INFO] Adding shapeless recipe for Flawed Sapphire with name ct_shapeless-1931878163
[POSTINITIALIZATION][CLIENT][INFO] Adding shapeless recipe for Sapphire with name ct_shapeless1180665357
[POSTINITIALIZATION][CLIENT][INFO] Adding shapeless recipe for Flawless Sapphire with name ct_shapeless-1758419
[POSTINITIALIZATION][CLIENT][INFO] Adding shapeless recipe for Flawed Emerald with name ct_shapeless-265167354
[POSTINITIALIZATION][CLIENT][INFO] Adding shapeless recipe for Emerald with name ct_shapeless1848986981
[POSTINITIALIZATION][CLIENT][INFO] Adding shapeless recipe for Flawless Emerald with name ct_shapeless-1175079484
[POSTINITIALIZATION][CLIENT][INFO] Adding shapeless recipe for Exquisite Emerald with name ct_shapeless95821347
[POSTINITIALIZATION][CLIENT][INFO] Adding shapeless recipe for Chipped Emerald with name ct_shapeless-1113184313
[POSTINITIALIZATION][CLIENT][INFO] Adding shapeless recipe for Flawed Emerald with name ct_shapeless-467864385
[POSTINITIALIZATION][CLIENT][INFO] Adding shapeless recipe for Emerald with name ct_shapeless2127285953
[POSTINITIALIZATION][CLIENT][INFO] Adding shapeless recipe for Flawless Emerald with name ct_shapeless427468995
[POSTINITIALIZATION][CLIENT][INFO] Adding shapeless recipe for Flawed Topaz with name ct_shapeless489995868
[POSTINITIALIZATION][CLIENT][INFO] Adding shapeless recipe for Topaz with name ct_shapeless-1341319109
[POSTINITIALIZATION][CLIENT][INFO] Adding shapeless recipe for Flawless Topaz with name ct_shapeless1414399770
[POSTINITIALIZATION][CLIENT][INFO] Adding shapeless recipe for Exquisite Topaz with name ct_shapeless-124848647
[POSTINITIALIZATION][CLIENT][INFO] Adding shapeless recipe for Chipped Topaz with name ct_shapeless-775244517
[POSTINITIALIZATION][CLIENT][INFO] Adding shapeless recipe for Flawed Topaz with name ct_shapeless828055891
[POSTINITIALIZATION][CLIENT][INFO] Adding shapeless recipe for Topaz with name ct_shapeless380282773
[POSTINITIALIZATION][CLIENT][INFO] Adding shapeless recipe for Flawless Topaz with name ct_shapeless-67490345
[POSTINITIALIZATION][CLIENT][INFO] Adding shapeless recipe for Flawed Tourmaline with name ct_shapeless-502902680
[POSTINITIALIZATION][CLIENT][INFO] Adding shapeless recipe for Tourmaline with name ct_shapeless-1469885597
[POSTINITIALIZATION][CLIENT][INFO] Adding shapeless recipe for Flawless Tourmaline with name ct_shapeless673752070
[POSTINITIALIZATION][CLIENT][INFO] Adding shapeless recipe for Exquisite Tourmaline with name ct_shapeless-1477577559
[POSTINITIALIZATION][CLIENT][INFO] Adding shapeless recipe for Chipped Tourmaline with name ct_shapeless-466798013
[POSTINITIALIZATION][CLIENT][INFO] Adding shapeless recipe for Flawed Tourmaline with name ct_shapeless753481581
[POSTINITIALIZATION][CLIENT][INFO] Adding shapeless recipe for Tourmaline with name ct_shapeless1723986125
[POSTINITIALIZATION][CLIENT][INFO] Adding shapeless recipe for Flawless Tourmaline with name ct_shapeless-1600476627
[POSTINITIALIZATION][CLIENT][INFO] Adding shapeless recipe for Flawed Jade with name ct_shapeless-719140880
[POSTINITIALIZATION][CLIENT][INFO] Adding shapeless recipe for Jade with name ct_shapeless-254823573
[POSTINITIALIZATION][CLIENT][INFO] Adding shapeless recipe for Flawless Jade with name ct_shapeless-244929138
[POSTINITIALIZATION][CLIENT][INFO] Adding shapeless recipe for Exquisite Jade with name ct_shapeless-235034703
[POSTINITIALIZATION][CLIENT][INFO] Adding shapeless recipe for Chipped Jade with name ct_shapeless-1552160189
[POSTINITIALIZATION][CLIENT][INFO] Adding shapeless recipe for Flawed Jade with name ct_shapeless-494612435
[POSTINITIALIZATION][CLIENT][INFO] Adding shapeless recipe for Jade with name ct_shapeless-369615667
[POSTINITIALIZATION][CLIENT][INFO] Adding shapeless recipe for Flawless Jade with name ct_shapeless-244618899
[POSTINITIALIZATION][CLIENT][INFO] Adding shapeless recipe for Flawed Beryl with name ct_shapeless-1744906424
[POSTINITIALIZATION][CLIENT][INFO] Adding shapeless recipe for Beryl with name ct_shapeless159821607
[POSTINITIALIZATION][CLIENT][INFO] Adding shapeless recipe for Flawless Beryl with name ct_shapeless-1379426810
[POSTINITIALIZATION][CLIENT][INFO] Adding shapeless recipe for Exquisite Beryl with name ct_shapeless1376292069
[POSTINITIALIZATION][CLIENT][INFO] Adding shapeless recipe for Chipped Beryl with name ct_shapeless1081781315
[POSTINITIALIZATION][CLIENT][INFO] Adding shapeless recipe for Flawed Beryl with name ct_shapeless-818035845
[POSTINITIALIZATION][CLIENT][INFO] Adding shapeless recipe for Beryl with name ct_shapeless-1265808963
[POSTINITIALIZATION][CLIENT][INFO] Adding shapeless recipe for Flawless Beryl with name ct_shapeless-1713582081
[POSTINITIALIZATION][CLIENT][INFO] Adding shapeless recipe for Flawed Agate with name ct_shapeless-1052483906
[POSTINITIALIZATION][CLIENT][INFO] Adding shapeless recipe for Agate with name ct_shapeless1621325213
[POSTINITIALIZATION][CLIENT][INFO] Adding shapeless recipe for Flawless Agate with name ct_shapeless82076796
[POSTINITIALIZATION][CLIENT][INFO] Adding shapeless recipe for Exquisite Agate with name ct_shapeless-1457171621
[POSTINITIALIZATION][CLIENT][INFO] Adding shapeless recipe for Chipped Agate with name ct_shapeless-414453289
[POSTINITIALIZATION][CLIENT][INFO] Adding shapeless recipe for Flawed Agate with name ct_shapeless-1646059889
[POSTINITIALIZATION][CLIENT][INFO] Adding shapeless recipe for Agate with name ct_shapeless-2093833007
[POSTINITIALIZATION][CLIENT][INFO] Adding shapeless recipe for Flawless Agate with name ct_shapeless1753361171
[POSTINITIALIZATION][CLIENT][INFO] Adding shapeless recipe for Flawed Opal with name ct_shapeless-1521462548
[POSTINITIALIZATION][CLIENT][INFO] Adding shapeless recipe for Opal with name ct_shapeless2132861031
[POSTINITIALIZATION][CLIENT][INFO] Adding shapeless recipe for Flawless Opal with name ct_shapeless2142755466
[POSTINITIALIZATION][CLIENT][INFO] Adding shapeless recipe for Exquisite Opal with name ct_shapeless-2142317395
[POSTINITIALIZATION][CLIENT][INFO] Adding shapeless recipe for Chipped Opal with name ct_shapeless1217649091
[POSTINITIALIZATION][CLIENT][INFO] Adding shapeless recipe for Flawed Opal with name ct_shapeless1083655341
[POSTINITIALIZATION][CLIENT][INFO] Adding shapeless recipe for Opal with name ct_shapeless1208652109
[POSTINITIALIZATION][CLIENT][INFO] Adding shapeless recipe for Flawless Opal with name ct_shapeless1333648877
[POSTINITIALIZATION][CLIENT][INFO] Adding shapeless recipe for Flawed Garnet with name ct_shapeless-2091633289
[POSTINITIALIZATION][CLIENT][INFO] Adding shapeless recipe for Garnet with name ct_shapeless198921202
[POSTINITIALIZATION][CLIENT][INFO] Adding shapeless recipe for Flawless Garnet with name ct_shapeless-1105515115
[POSTINITIALIZATION][CLIENT][INFO] Adding shapeless recipe for Exquisite Garnet with name ct_shapeless1885015864
[POSTINITIALIZATION][CLIENT][INFO] Adding shapeless recipe for Chipped Garnet with name ct_shapeless-855206045
[POSTINITIALIZATION][CLIENT][INFO] Adding shapeless recipe for Flawed Garnet with name ct_shapeless-395452851
[POSTINITIALIZATION][CLIENT][INFO] Adding shapeless recipe for Garnet with name ct_shapeless-1419223251
[POSTINITIALIZATION][CLIENT][INFO] Adding shapeless recipe for Flawless Garnet with name ct_shapeless1851973645
[POSTINITIALIZATION][CLIENT][INFO] Adding shapeless recipe for Flawed Jasper with name ct_shapeless-297814741
[POSTINITIALIZATION][CLIENT][INFO] Adding shapeless recipe for Jasper with name ct_shapeless-339979866
[POSTINITIALIZATION][CLIENT][INFO] Adding shapeless recipe for Flawless Jasper with name ct_shapeless-1644416183
[POSTINITIALIZATION][CLIENT][INFO] Adding shapeless recipe for Exquisite Jasper with name ct_shapeless1346114796
[POSTINITIALIZATION][CLIENT][INFO] Adding shapeless recipe for Chipped Jasper with name ct_shapeless-129065757
[POSTINITIALIZATION][CLIENT][INFO] Adding shapeless recipe for Flawed Jasper with name ct_shapeless2103034573
[POSTINITIALIZATION][CLIENT][INFO] Adding shapeless recipe for Jasper with name ct_shapeless1079264173
[POSTINITIALIZATION][CLIENT][INFO] Adding shapeless recipe for Flawless Jasper with name ct_shapeless55493773
[POSTINITIALIZATION][CLIENT][INFO] Adding shapeless recipe for Flawed Amethyst with name ct_shapeless1285330063
[POSTINITIALIZATION][CLIENT][INFO] Adding shapeless recipe for Amethyst with name ct_shapeless1823958410
[POSTINITIALIZATION][CLIENT][INFO] Adding shapeless recipe for Flawless Amethyst with name ct_shapeless1485573805
[POSTINITIALIZATION][CLIENT][INFO] Adding shapeless recipe for Exquisite Amethyst with name ct_shapeless1147189200
[POSTINITIALIZATION][CLIENT][INFO] Adding shapeless recipe for Chipped Amethyst with name ct_shapeless-487438685
[POSTINITIALIZATION][CLIENT][INFO] Adding shapeless recipe for Flawed Amethyst with name ct_shapeless305690957
[POSTINITIALIZATION][CLIENT][INFO] Adding shapeless recipe for Amethyst with name ct_shapeless-876732819
[POSTINITIALIZATION][CLIENT][INFO] Adding shapeless recipe for Flawless Amethyst with name ct_shapeless-2059156595
[POSTINITIALIZATION][CLIENT][INFO] Adding shapeless recipe for Flawed Diamond with name ct_shapeless-1696079658
[POSTINITIALIZATION][CLIENT][INFO] Adding shapeless recipe for Diamond with name ct_shapeless-1715759051
[POSTINITIALIZATION][CLIENT][INFO] Adding shapeless recipe for Flawless Diamond with name ct_shapeless-444858220
[POSTINITIALIZATION][CLIENT][INFO] Adding shapeless recipe for Exquisite Diamond with name ct_shapeless826042611
[POSTINITIALIZATION][CLIENT][INFO] Adding shapeless recipe for Chipped Diamond with name ct_shapeless959111719
[POSTINITIALIZATION][CLIENT][INFO] Adding shapeless recipe for Flawed Diamond with name ct_shapeless190030623
[POSTINITIALIZATION][CLIENT][INFO] Adding shapeless recipe for Diamond with name ct_shapeless-1509786335
[POSTINITIALIZATION][CLIENT][INFO] Adding shapeless recipe for Flawless Diamond with name ct_shapeless1085364003
[POSTINITIALIZATION][CLIENT][INFO] Adding shaped recipe for Poké Ball Disc with name poke_ball_disc
[POSTINITIALIZATION][CLIENT][INFO] Adding shapeless recipe for Poké Ball Lid with name poke_ball_lid
[POSTINITIALIZATION][CLIENT][INFO] Adding shapeless recipe for Poké Ball with name poke_ball
[POSTINITIALIZATION][CLIENT][INFO] Adding shaped recipe for Premier Ball Disc with name premier_ball_disc
[POSTINITIALIZATION][CLIENT][INFO] Adding shapeless recipe for Premier Ball Lid with name premier_ball_lid
[POSTINITIALIZATION][CLIENT][INFO] Adding shapeless recipe for Premier Ball with name premier_ball
[POSTINITIALIZATION][CLIENT][INFO] Adding shaped recipe for Safari Ball Disc with name safari_ball_disc
[POSTINITIALIZATION][CLIENT][INFO] Adding shapeless recipe for Safari Ball Lid with name safari_ball_lid
[POSTINITIALIZATION][CLIENT][INFO] Adding shapeless recipe for Safari Ball with name safari_ball
[POSTINITIALIZATION][CLIENT][INFO] Adding shaped recipe for Heal Ball Disc with name heal_ball_disc
[POSTINITIALIZATION][CLIENT][INFO] Adding shapeless recipe for Heal Ball Lid with name heal_ball_lid
[POSTINITIALIZATION][CLIENT][INFO] Adding shapeless recipe for Heal Ball with name heal_ball
[POSTINITIALIZATION][CLIENT][INFO] Adding shaped recipe for Net Ball Disc with name net_ball_disc
[POSTINITIALIZATION][CLIENT][INFO] Adding shapeless recipe for Net Ball Lid with name net_ball_lid
[POSTINITIALIZATION][CLIENT][INFO] Adding shapeless recipe for Net Ball with name net_ball
[POSTINITIALIZATION][CLIENT][INFO] Adding shaped recipe for Nest Ball Disc with name nest_ball_disc
[POSTINITIALIZATION][CLIENT][INFO] Adding shapeless recipe for Nest Ball Lid with name nest_ball_lid
[POSTINITIALIZATION][CLIENT][INFO] Adding shapeless recipe for Nest Ball with name nest_ball
[POSTINITIALIZATION][CLIENT][INFO] Adding shapeless recipe for Great Ball with name great_ball
[POSTINITIALIZATION][CLIENT][INFO] Adding shapeless recipe for Great Ball Lid with name great_ball_lid
[POSTINITIALIZATION][CLIENT][INFO] Adding shapeless recipe for Moon Ball with name moon_ball
[POSTINITIALIZATION][CLIENT][INFO] Adding shapeless recipe for Dive Ball with name dive_ball
[POSTINITIALIZATION][CLIENT][INFO] Adding shapeless recipe for Repeat Ball with name repeat_ball
[POSTINITIALIZATION][CLIENT][INFO] Adding shapeless recipe for Dusk Ball with name dusk_ball
[POSTINITIALIZATION][CLIENT][INFO] Adding shapeless recipe for Quick Ball with name quick_ball
[POSTINITIALIZATION][CLIENT][INFO] Adding shapeless recipe for Lure Ball with name lure_ball
[POSTINITIALIZATION][CLIENT][INFO] Adding shapeless recipe for Ultra Ball with name ultra_ball
[POSTINITIALIZATION][CLIENT][INFO] Adding shapeless recipe for Heavy Ball with name heavy_ball
[POSTINITIALIZATION][CLIENT][INFO] Adding shapeless recipe for Friend Ball with name friend_ball
[POSTINITIALIZATION][CLIENT][INFO] Adding shapeless recipe for Love Ball with name love_ball
[POSTINITIALIZATION][CLIENT][INFO] Adding shapeless recipe for Level Ball with name level_ball
[POSTINITIALIZATION][CLIENT][INFO] Adding shapeless recipe for Timer Ball with name timer_ball
[POSTINITIALIZATION][CLIENT][INFO] Adding shapeless recipe for Sport Ball with name sport_ball
[POSTINITIALIZATION][CLIENT][INFO] Adding shapeless recipe for Luxury Ball with name luxury_ball
[POSTINITIALIZATION][CLIENT][INFO] Adding shapeless recipe for Fast Ball with name fast_ball
[AVAILABLE][CLIENT][INFO] Fixed the RecipeBook
